<?xml version="1.0" encoding="UTF-8"?>
<!-- Generated by org.testng.reporters.JUnitXMLReporter -->
<testsuite ignored="0" hostname="Aravind" failures="0" tests="4" name="Default test" time="29.875" errors="0" timestamp="2024-05-09T16:25:35 IST">
  <testcase classname="testpackage.Saucedemotest" name="LogintoSite" time="5.034"/>
  <testcase classname="testpackage.Saucedemotest" name="AddProductstoCart" time="6.09"/>
  <testcase classname="testpackage.Saucedemotest" name="EnterPersonalDetails" time="2.539"/>
  <testcase classname="testpackage.Saucedemotest" name="GotoHomeandLogout" time="5.061"/>
</testsuite> <!-- Default test -->
