<?xml version="1.0" encoding="UTF-8"?>
<testng-results ignored="0" total="4" passed="4" failed="0" skipped="0">
  <reporter-output>
  </reporter-output>
  <suite started-at="2024-05-09T16:25:05 IST" name="Default suite" finished-at="2024-05-09T16:25:35 IST" duration-ms="29875">
    <groups>
    </groups>
    <test started-at="2024-05-09T16:25:05 IST" name="Default test" finished-at="2024-05-09T16:25:35 IST" duration-ms="29875">
      <class name="testpackage.Saucedemotest">
        <test-method is-config="true" signature="setup()[pri:0, instance:testpackage.Saucedemotest@750e2b97]" started-at="2024-05-09T16:25:05 IST" name="setup" finished-at="2024-05-09T16:25:16 IST" duration-ms="10950" status="PASS">
          <reporter-output>
          </reporter-output>
        </test-method> <!-- setup -->
        <test-method signature="LogintoSite()[pri:1, instance:testpackage.Saucedemotest@750e2b97]" started-at="2024-05-09T16:25:16 IST" name="LogintoSite" finished-at="2024-05-09T16:25:21 IST" duration-ms="5034" status="PASS">
          <reporter-output>
          </reporter-output>
        </test-method> <!-- LogintoSite -->
        <test-method signature="AddProductstoCart()[pri:2, instance:testpackage.Saucedemotest@750e2b97]" started-at="2024-05-09T16:25:21 IST" name="AddProductstoCart" finished-at="2024-05-09T16:25:27 IST" duration-ms="6090" status="PASS">
          <reporter-output>
          </reporter-output>
        </test-method> <!-- AddProductstoCart -->
        <test-method signature="EnterPersonalDetails()[pri:3, instance:testpackage.Saucedemotest@750e2b97]" started-at="2024-05-09T16:25:27 IST" name="EnterPersonalDetails" finished-at="2024-05-09T16:25:30 IST" duration-ms="2539" status="PASS">
          <reporter-output>
          </reporter-output>
        </test-method> <!-- EnterPersonalDetails -->
        <test-method signature="GotoHomeandLogout()[pri:4, instance:testpackage.Saucedemotest@750e2b97]" started-at="2024-05-09T16:25:30 IST" name="GotoHomeandLogout" finished-at="2024-05-09T16:25:35 IST" duration-ms="5061" status="PASS">
          <reporter-output>
          </reporter-output>
        </test-method> <!-- GotoHomeandLogout -->
      </class> <!-- testpackage.Saucedemotest -->
    </test> <!-- Default test -->
  </suite> <!-- Default suite -->
</testng-results>
